<?xml version="1.0" encoding="UTF-8"?>
<testsuite name="snippets.apis.CollectionsDemoTest" tests="2" skipped="0" failures="0" errors="0" timestamp="2019-10-16T11:27:27" hostname="Michiels-MBP.local" time="0.048">
  <properties/>
  <testcase name="mapOperations()" classname="snippets.apis.CollectionsDemoTest" time="0.043"/>
  <testcase name="toStringTest()" classname="snippets.apis.CollectionsDemoTest" time="0.004"/>
  <system-out><![CDATA[3
users.containsKey(15) = true
users.containsValue() = true
users.containsValue() = false
21: User{id=21, name='Dirk'}
9: User{id=9, name='Mike'}
15: User{id=15, name='Henk'}
user1 == user1 -- true
user1.equals(user1) -- true
user1 == user2 -- true
user1.equals(user2) -- true
user1.equals(user3) -- false
user3.equals(user4) -- true
User{id=15, name='Henk'}
user1.getClass().getSimpleName() = User
user1.getClass().getCanonicalName() = snippets.apis.User
user1.getClass().getName() = snippets.apis.User
user1.getClass().getPackageName() = snippets.apis
user1.getClass().getClass().getName() = java.lang.Class
]]></system-out>
  <system-err><![CDATA[]]></system-err>
</testsuite>
