<?xml version="1.0" encoding="UTF-8"?>
<testsuite name="section2_syntax.part1_datatypes.DatatypesTest" tests="1" skipped="0" failures="0" errors="0" timestamp="2022-09-26T09:23:15" hostname="lisa-81sx" time="0.015">
  <properties/>
  <testcase name="modifyString()" classname="section2_syntax.part1_datatypes.DatatypesTest" time="0.015"/>
  <system-out><![CDATA[]]></system-out>
  <system-err><![CDATA[]]></system-err>
</testsuite>
