<?xml version="1.0" encoding="UTF-8"?>
<testsuite name="snippets.OperatorsDemoTest" tests="1" skipped="0" failures="0" errors="0" timestamp="2019-10-16T11:27:27" hostname="Michiels-MBP.local" time="0.025">
  <properties/>
  <testcase name="instanceOfDemo()" classname="snippets.OperatorsDemoTest" time="0.025"/>
  <system-out><![CDATA[dog instanceof Animal = true
dog instanceof Object = true
chihuahua instanceof Dog = true
chihuahua instanceof Animal = true
chihuahua instanceof Chihuahua = true
]]></system-out>
  <system-err><![CDATA[]]></system-err>
</testsuite>
